c:\users\thotr\github\image_processing_project\project\tho\window\vs2019\harris_detection\harris_detection\x64\debug\vc142.pdb
c:\users\thotr\github\image_processing_project\project\tho\window\vs2019\harris_detection\harris_detection\x64\debug\vc142.idb
c:\users\thotr\github\image_processing_project\project\tho\window\vs2019\harris_detection\harris_detection\x64\debug\test_opencv.obj
c:\users\thotr\github\image_processing_project\project\tho\window\vs2019\harris_detection\harris_detection\x64\debug\test.obj
c:\users\thotr\github\image_processing_project\project\tho\window\vs2019\harris_detection\harris_detection\x64\debug\png_test_1.obj
c:\users\thotr\github\image_processing_project\project\tho\window\vs2019\harris_detection\x64\debug\harris_detection.ilk
c:\users\thotr\github\image_processing_project\project\tho\window\vs2019\harris_detection\x64\debug\harris_detection.exe
c:\users\thotr\github\image_processing_project\project\tho\window\vs2019\harris_detection\x64\debug\harris_detection.pdb
c:\users\thotr\github\image_processing_project\project\tho\window\vs2019\harris_detection\harris_detection\x64\debug\harris_detection.tlog\cl.command.1.tlog
c:\users\thotr\github\image_processing_project\project\tho\window\vs2019\harris_detection\harris_detection\x64\debug\harris_detection.tlog\cl.read.1.tlog
c:\users\thotr\github\image_processing_project\project\tho\window\vs2019\harris_detection\harris_detection\x64\debug\harris_detection.tlog\cl.write.1.tlog
c:\users\thotr\github\image_processing_project\project\tho\window\vs2019\harris_detection\harris_detection\x64\debug\harris_detection.tlog\link-cvtres.read.1.tlog
c:\users\thotr\github\image_processing_project\project\tho\window\vs2019\harris_detection\harris_detection\x64\debug\harris_detection.tlog\link-cvtres.write.1.tlog
c:\users\thotr\github\image_processing_project\project\tho\window\vs2019\harris_detection\harris_detection\x64\debug\harris_detection.tlog\link-rc.read.1.tlog
c:\users\thotr\github\image_processing_project\project\tho\window\vs2019\harris_detection\harris_detection\x64\debug\harris_detection.tlog\link-rc.write.1.tlog
c:\users\thotr\github\image_processing_project\project\tho\window\vs2019\harris_detection\harris_detection\x64\debug\harris_detection.tlog\link.12392-cvtres.read.1.tlog
c:\users\thotr\github\image_processing_project\project\tho\window\vs2019\harris_detection\harris_detection\x64\debug\harris_detection.tlog\link.12392-cvtres.write.1.tlog
c:\users\thotr\github\image_processing_project\project\tho\window\vs2019\harris_detection\harris_detection\x64\debug\harris_detection.tlog\link.12392-rc.read.1.tlog
c:\users\thotr\github\image_processing_project\project\tho\window\vs2019\harris_detection\harris_detection\x64\debug\harris_detection.tlog\link.12392-rc.write.1.tlog
c:\users\thotr\github\image_processing_project\project\tho\window\vs2019\harris_detection\harris_detection\x64\debug\harris_detection.tlog\link.12392.read.1.tlog
c:\users\thotr\github\image_processing_project\project\tho\window\vs2019\harris_detection\harris_detection\x64\debug\harris_detection.tlog\link.12392.write.1.tlog
c:\users\thotr\github\image_processing_project\project\tho\window\vs2019\harris_detection\harris_detection\x64\debug\harris_detection.tlog\link.command.1.tlog
c:\users\thotr\github\image_processing_project\project\tho\window\vs2019\harris_detection\harris_detection\x64\debug\harris_detection.tlog\link.read.1.tlog
c:\users\thotr\github\image_processing_project\project\tho\window\vs2019\harris_detection\harris_detection\x64\debug\harris_detection.tlog\link.write.1.tlog
